<?xml version="1.0" encoding="UTF-8"?>
<testsuite name="com.example.carservice.CarserviceApplicationTests" tests="1" skipped="0" failures="0" errors="0" timestamp="2019-12-05T20:59:44" hostname="DESKTOP-EJBGFL6" time="0.298">
  <properties/>
  <testcase name="contextLoads()" classname="com.example.carservice.CarserviceApplicationTests" time="0.298"/>
  <system-out><![CDATA[21:59:42.050 [Test worker] DEBUG org.springframework.test.context.BootstrapUtils - Instantiating CacheAwareContextLoaderDelegate from class [org.springframework.test.context.cache.DefaultCacheAwareContextLoaderDelegate]
21:59:42.073 [Test worker] DEBUG org.springframework.test.context.BootstrapUtils - Instantiating BootstrapContext using constructor [public org.springframework.test.context.support.DefaultBootstrapContext(java.lang.Class,org.springframework.test.context.CacheAwareContextLoaderDelegate)]
21:59:42.125 [Test worker] DEBUG org.springframework.test.context.BootstrapUtils - Instantiating TestContextBootstrapper for test class [com.example.carservice.CarserviceApplicationTests] from class [org.springframework.boot.test.context.SpringBootTestContextBootstrapper]
21:59:42.147 [Test worker] INFO org.springframework.boot.test.context.SpringBootTestContextBootstrapper - Neither @ContextConfiguration nor @ContextHierarchy found for test class [com.example.carservice.CarserviceApplicationTests], using SpringBootContextLoader
21:59:42.153 [Test worker] DEBUG org.springframework.test.context.support.AbstractContextLoader - Did not detect default resource location for test class [com.example.carservice.CarserviceApplicationTests]: class path resource [com/example/carservice/CarserviceApplicationTests-context.xml] does not exist
21:59:42.154 [Test worker] DEBUG org.springframework.test.context.support.AbstractContextLoader - Did not detect default resource location for test class [com.example.carservice.CarserviceApplicationTests]: class path resource [com/example/carservice/CarserviceApplicationTestsContext.groovy] does not exist
21:59:42.155 [Test worker] INFO org.springframework.test.context.support.AbstractContextLoader - Could not detect default resource locations for test class [com.example.carservice.CarserviceApplicationTests]: no resource found for suffixes {-context.xml, Context.groovy}.
21:59:42.156 [Test worker] INFO org.springframework.test.context.support.AnnotationConfigContextLoaderUtils - Could not detect default configuration classes for test class [com.example.carservice.CarserviceApplicationTests]: CarserviceApplicationTests does not declare any static, non-private, non-final, nested classes annotated with @Configuration.
21:59:42.204 [Test worker] DEBUG org.springframework.test.context.support.ActiveProfilesUtils - Could not find an 'annotation declaring class' for annotation type [org.springframework.test.context.ActiveProfiles] and class [com.example.carservice.CarserviceApplicationTests]
21:59:42.297 [Test worker] DEBUG org.springframework.context.annotation.ClassPathScanningCandidateComponentProvider - Identified candidate component class: file [C:\Users\Benjamin Saffar\Desktop\Information System Technologies and Cloud Computing\Angular\WebServiceForAngular-master\WebServiceForAngular-master\build\classes\java\main\com\example\carservice\CarserviceApplication.class]
21:59:42.298 [Test worker] INFO org.springframework.boot.test.context.SpringBootTestContextBootstrapper - Found @SpringBootConfiguration com.example.carservice.CarserviceApplication for test class com.example.carservice.CarserviceApplicationTests
21:59:42.398 [Test worker] DEBUG org.springframework.boot.test.context.SpringBootTestContextBootstrapper - @TestExecutionListeners is not present for class [com.example.carservice.CarserviceApplicationTests]: using defaults.
21:59:42.399 [Test worker] INFO org.springframework.boot.test.context.SpringBootTestContextBootstrapper - Loaded default TestExecutionListener class names from location [META-INF/spring.factories]: [org.springframework.boot.test.autoconfigure.restdocs.RestDocsTestExecutionListener, org.springframework.boot.test.autoconfigure.web.client.MockRestServiceServerResetTestExecutionListener, org.springframework.boot.test.autoconfigure.web.servlet.MockMvcPrintOnlyOnFailureTestExecutionListener, org.springframework.boot.test.autoconfigure.web.servlet.WebDriverTestExecutionListener, org.springframework.boot.test.mock.mockito.MockitoTestExecutionListener, org.springframework.boot.test.mock.mockito.ResetMocksTestExecutionListener, org.springframework.test.context.web.ServletTestExecutionListener, org.springframework.test.context.support.DirtiesContextBeforeModesTestExecutionListener, org.springframework.test.context.support.DependencyInjectionTestExecutionListener, org.springframework.test.context.support.DirtiesContextTestExecutionListener, org.springframework.test.context.transaction.TransactionalTestExecutionListener, org.springframework.test.context.jdbc.SqlScriptsTestExecutionListener, org.springframework.test.context.event.EventPublishingTestExecutionListener]
21:59:42.410 [Test worker] DEBUG org.springframework.boot.test.context.SpringBootTestContextBootstrapper - Skipping candidate TestExecutionListener [org.springframework.test.context.transaction.TransactionalTestExecutionListener] due to a missing dependency. Specify custom listener classes or make the default listener classes and their required dependencies available. Offending class: [org/springframework/transaction/interceptor/TransactionAttributeSource]
21:59:42.411 [Test worker] DEBUG org.springframework.boot.test.context.SpringBootTestContextBootstrapper - Skipping candidate TestExecutionListener [org.springframework.test.context.jdbc.SqlScriptsTestExecutionListener] due to a missing dependency. Specify custom listener classes or make the default listener classes and their required dependencies available. Offending class: [org/springframework/transaction/interceptor/TransactionAttribute]
21:59:42.411 [Test worker] INFO org.springframework.boot.test.context.SpringBootTestContextBootstrapper - Using TestExecutionListeners: [org.springframework.test.context.web.ServletTestExecutionListener@3985c7fa, org.springframework.test.context.support.DirtiesContextBeforeModesTestExecutionListener@4a168879, org.springframework.boot.test.mock.mockito.MockitoTestExecutionListener@30134ff5, org.springframework.boot.test.autoconfigure.SpringBootDependencyInjectionTestExecutionListener@6cceedd6, org.springframework.test.context.support.DirtiesContextTestExecutionListener@7be35da2, org.springframework.test.context.event.EventPublishingTestExecutionListener@5c847e7, org.springframework.boot.test.autoconfigure.restdocs.RestDocsTestExecutionListener@2f8ecc4c, org.springframework.boot.test.autoconfigure.web.client.MockRestServiceServerResetTestExecutionListener@34b53436, org.springframework.boot.test.autoconfigure.web.servlet.MockMvcPrintOnlyOnFailureTestExecutionListener@55da614f, org.springframework.boot.test.autoconfigure.web.servlet.WebDriverTestExecutionListener@126af36c, org.springframework.boot.test.mock.mockito.ResetMocksTestExecutionListener@4bdfa1c1]
21:59:42.416 [Test worker] DEBUG org.springframework.test.context.support.AbstractDirtiesContextTestExecutionListener - Before test class: context [DefaultTestContext@1ab24de3 testClass = CarserviceApplicationTests, testInstance = [null], testMethod = [null], testException = [null], mergedContextConfiguration = [WebMergedContextConfiguration@6b977a4c testClass = CarserviceApplicationTests, locations = '{}', classes = '{class com.example.carservice.CarserviceApplication}', contextInitializerClasses = '[]', activeProfiles = '{}', propertySourceLocations = '{}', propertySourceProperties = '{org.springframework.boot.test.context.SpringBootTestContextBootstrapper=true}', contextCustomizers = set[org.springframework.boot.test.autoconfigure.properties.PropertyMappingContextCustomizer@0, org.springframework.boot.test.autoconfigure.web.servlet.WebDriverContextCustomizerFactory$Customizer@14d047dd, org.springframework.boot.test.context.filter.ExcludeFilterContextCustomizer@16cccd5b, org.springframework.boot.test.json.DuplicateJsonObjectContextCustomizerFactory$DuplicateJsonObjectContextCustomizer@14e568ea, org.springframework.boot.test.mock.mockito.MockitoContextCustomizer@0, org.springframework.boot.test.web.client.TestRestTemplateContextCustomizer@751f3e], resourceBasePath = 'src/main/webapp', contextLoader = 'org.springframework.boot.test.context.SpringBootContextLoader', parent = [null]], attributes = map['org.springframework.test.context.web.ServletTestExecutionListener.activateListener' -> true]], class annotated with @DirtiesContext [false] with mode [null].
21:59:42.457 [Test worker] DEBUG org.springframework.test.context.support.TestPropertySourceUtils - Adding inlined properties to environment: {spring.jmx.enabled=false, org.springframework.boot.test.context.SpringBootTestContextBootstrapper=true, server.port=-1}

  .   ____          _            __ _ _
 /\\ / ___'_ __ _ _(_)_ __  __ _ \ \ \ \
( ( )\___ | '_ | '_| | '_ \/ _` | \ \ \ \
 \\/  ___)| |_)| | | | | || (_| |  ) ) ) )
  '  |____| .__|_| |_|_| |_\__, | / / / /
 =========|_|==============|___/=/_/_/_/
 :: Spring Boot ::        (v2.2.1.RELEASE)

2019-12-05 21:59:42.889  INFO 9360 --- [    Test worker] c.e.c.CarserviceApplicationTests         : Starting CarserviceApplicationTests on DESKTOP-EJBGFL6 with PID 9360 (started by Benjamin Saffar in C:\Users\Benjamin Saffar\Desktop\Information System Technologies and Cloud Computing\Angular\WebServiceForAngular-master\WebServiceForAngular-master)
2019-12-05 21:59:42.893  INFO 9360 --- [    Test worker] c.e.c.CarserviceApplicationTests         : No active profile set, falling back to default profiles: default
2019-12-05 21:59:44.447  INFO 9360 --- [    Test worker] o.s.s.concurrent.ThreadPoolTaskExecutor  : Initializing ExecutorService 'applicationTaskExecutor'
2019-12-05 21:59:44.816  INFO 9360 --- [    Test worker] c.e.c.CarserviceApplicationTests         : Started CarserviceApplicationTests in 2.344 seconds (JVM running for 3.877)
]]></system-out>
  <system-err><![CDATA[]]></system-err>
</testsuite>
